#
# There is insufficient memory for the Java Runtime Environment to continue.
# Native memory allocation (malloc) failed to allocate 723088 bytes for Chunk::new
# Possible reasons:
#   The system is out of physical RAM or swap space
#   The process is running with CompressedOops enabled, and the Java Heap may be blocking the growth of the native heap
# Possible solutions:
#   Reduce memory load on the system
#   Increase physical memory or swap space
#   Check if swap backing store is full
#   Decrease Java heap size (-Xmx/-Xms)
#   Decrease number of Java threads
#   Decrease Java thread stack sizes (-Xss)
#   Set larger code cache with -XX:ReservedCodeCacheSize=
#   JVM is running with Unscaled Compressed Oops mode in which the Java heap is
#     placed in the first 4GB address space. The Java Heap base address is the
#     maximum limit for the native heap growth. Please use -XX:HeapBaseMinAddress
#     to set the Java Heap base and to place the Java Heap above 4GB virtual address.
# This output file may be truncated or incomplete.
#
#  Out of Memory Error (t:/workspace/open/src/hotspot/share/memory/arena.cpp:196), pid=28888, tid=5196
#
# JRE version: Java(TM) SE Runtime Environment (13.0.2+8) (build 13.0.2+8)
# Java VM: Java HotSpot(TM) 64-Bit Server VM (13.0.2+8, mixed mode, sharing, tiered, compressed oops, parallel gc, windows-amd64)
# No core dump will be written. Minidumps are not enabled by default on client versions of Windows
#

---------------  S U M M A R Y ------------

Command Line: --add-modules=ALL-SYSTEM --add-opens=java.base/java.util=ALL-UNNAMED --add-opens=java.base/java.lang=ALL-UNNAMED -Declipse.application=org.eclipse.jdt.ls.core.id1 -Dosgi.bundles.defaultStartLevel=4 -Declipse.product=org.eclipse.jdt.ls.core.product -Dfile.encoding=utf8 -DwatchParentProcess=false -XX:+UseParallelGC -XX:GCTimeRatio=4 -XX:AdaptiveSizePolicyWeight=90 -Dsun.zip.disableMemoryMapping=true -Xmx1G -Xms100m c:\Users\Kient\.vscode\extensions\redhat.java-0.62.0\server\plugins\org.eclipse.equinox.launcher_1.5.700.v20200207-2156.jar -configuration c:\Users\Kient\AppData\Roaming\Code\User\globalStorage\redhat.java\0.62.0\config_win -data c:\Users\Kient\AppData\Roaming\Code\User\workspaceStorage\9f193f8a1fe0cf9af1d81241c94e2114\redhat.java\jdt_ws

Host: Intel(R) Core(TM) i7-5600U CPU @ 2.60GHz, 4 cores, 7G,  Windows 10 , 64 bit Build 18362 (10.0.18362.778)
Time: Fri May 22 08:34:16 2020 SE Asia Standard Time elapsed time: 0 seconds (0d 0h 0m 0s)

---------------  T H R E A D  ---------------

Current thread (0x000002603e870000):  JavaThread "C2 CompilerThread0" daemon [_thread_in_native, id=5196, stack(0x000000fc1cd00000,0x000000fc1ce00000)]


Current CompileTask:
C2:    740  574   !   4       java.util.jar.Attributes::read (530 bytes)

Stack: [0x000000fc1cd00000,0x000000fc1ce00000]
Native frames: (J=compiled Java code, j=interpreted, Vv=VM code, C=native code)
V  [jvm.dll+0x624f9a]
V  [jvm.dll+0x770cfa]
V  [jvm.dll+0x7724af]
V  [jvm.dll+0x772ab3]
V  [jvm.dll+0x24bf08]
V  [jvm.dll+0xc1e47]
V  [jvm.dll+0xc23cc]
V  [jvm.dll+0x35c0c5]
V  [jvm.dll+0x327803]
V  [jvm.dll+0x326bda]
V  [jvm.dll+0x205c27]
V  [jvm.dll+0x204e3f]
V  [jvm.dll+0x189c2c]
V  [jvm.dll+0x213e6d]
V  [jvm.dll+0x2120bb]
V  [jvm.dll+0x736bb6]
V  [jvm.dll+0x72fcaa]
V  [jvm.dll+0x623ea6]
C  [ucrtbase.dll+0x20e82]
C  [KERNEL32.DLL+0x17bd4]
C  [ntdll.dll+0x6ce51]


---------------  P R O C E S S  ---------------

Threads class SMR info:
_java_thread_list=0x000002603fb3b710, length=11, elements={
0x00000260247de800, 0x000002602489c000, 0x000002602489d000, 0x000002603e86a800,
0x000002603e86c800, 0x000002603e870000, 0x000002603e875000, 0x000002603e884000,
0x000002603f977800, 0x000002603faab000, 0x000002603fce2800
}

Java Threads: ( => current thread )
  0x00000260247de800 JavaThread "main" [_thread_in_Java, id=944, stack(0x000000fc1c600000,0x000000fc1c700000)]
  0x000002602489c000 JavaThread "Reference Handler" daemon [_thread_blocked, id=7176, stack(0x000000fc1c900000,0x000000fc1ca00000)]
  0x000002602489d000 JavaThread "Finalizer" daemon [_thread_blocked, id=232, stack(0x000000fc1ca00000,0x000000fc1cb00000)]
  0x000002603e86a800 JavaThread "Signal Dispatcher" daemon [_thread_blocked, id=7488, stack(0x000000fc1cb00000,0x000000fc1cc00000)]
  0x000002603e86c800 JavaThread "Attach Listener" daemon [_thread_blocked, id=28004, stack(0x000000fc1cc00000,0x000000fc1cd00000)]
=>0x000002603e870000 JavaThread "C2 CompilerThread0" daemon [_thread_in_native, id=5196, stack(0x000000fc1cd00000,0x000000fc1ce00000)]
  0x000002603e875000 JavaThread "C1 CompilerThread0" daemon [_thread_in_native, id=13676, stack(0x000000fc1ce00000,0x000000fc1cf00000)]
  0x000002603e884000 JavaThread "Sweeper thread" daemon [_thread_blocked, id=27712, stack(0x000000fc1cf00000,0x000000fc1d000000)]
  0x000002603f977800 JavaThread "Common-Cleaner" daemon [_thread_blocked, id=29308, stack(0x000000fc1d000000,0x000000fc1d100000)]
  0x000002603faab000 JavaThread "Service Thread" daemon [_thread_blocked, id=13108, stack(0x000000fc1d100000,0x000000fc1d200000)]
  0x000002603fce2800 JavaThread "C2 CompilerThread1" daemon [_thread_blocked, id=26864, stack(0x000000fc1d300000,0x000000fc1d400000)]

Other Threads:
  0x000002603e851000 VMThread "VM Thread" [stack: 0x000000fc1c800000,0x000000fc1c900000] [id=12212]
  0x000002603fa04800 WatcherThread [stack: 0x000000fc1d200000,0x000000fc1d300000] [id=27864]
  0x00000260247f4800 GCTaskThread "ParGC Thread#0" [stack: 0x000000fc1c700000,0x000000fc1c800000] [id=9120]

Threads with active compile tasks:
C2 CompilerThread0      762  574   !   4       java.util.jar.Attributes::read (530 bytes)

VM state:not at safepoint (normal execution)

VM Mutex/Monitor currently owned by a thread: None

Heap address: 0x00000000c0000000, size: 1024 MB, Compressed Oops mode: 32-bit
Narrow klass base: 0x0000000800000000, Narrow klass shift: 3
Compressed class space size: 1073741824 Address: 0x0000000800b40000

Heap:
 PSYoungGen      total 29696K, used 11545K [0x00000000eab00000, 0x00000000ecc00000, 0x0000000100000000)
  eden space 25600K, 45% used [0x00000000eab00000,0x00000000eb6464f0,0x00000000ec400000)
  from space 4096K, 0% used [0x00000000ec800000,0x00000000ec800000,0x00000000ecc00000)
  to   space 4096K, 0% used [0x00000000ec400000,0x00000000ec400000,0x00000000ec800000)
 ParOldGen       total 68608K, used 0K [0x00000000c0000000, 0x00000000c4300000, 0x00000000eab00000)
  object space 68608K, 0% used [0x00000000c0000000,0x00000000c0000000,0x00000000c4300000)
 Metaspace       used 3411K, capacity 5008K, committed 5120K, reserved 1056768K
  class space    used 327K, capacity 461K, committed 512K, reserved 1048576K

Card table byte_map: [0x00000260242f0000,0x0000026024500000] _byte_map_base: 0x0000026023cf0000

Marking Bits: (ParMarkBitMap*) 0x00007ffd07664110
 Begin Bits: [0x000002603bcd0000, 0x000002603ccd0000)
 End Bits:   [0x000002603ccd0000, 0x000002603dcd0000)

Polling page: 0x0000026023fa0000

Metaspace:

Usage:
  Non-class:      4.44 MB capacity,     3.01 MB ( 68%) used,     1.42 MB ( 32%) free+waste,     4.06 KB ( <1%) overhead. 
      Class:    461.00 KB capacity,   327.01 KB ( 71%) used,   131.49 KB ( 29%) free+waste,     2.50 KB ( <1%) overhead. 
       Both:      4.89 MB capacity,     3.33 MB ( 68%) used,     1.55 MB ( 32%) free+waste,     6.56 KB ( <1%) overhead. 

Virtual space:
  Non-class space:        8.00 MB reserved,       4.50 MB ( 56%) committed 
      Class space:        1.00 GB reserved,     512.00 KB ( <1%) committed 
             Both:        1.01 GB reserved,       5.00 MB ( <1%) committed 

Chunk freelists:
   Non-Class:  61.00 KB
       Class:  19.00 KB
        Both:  80.00 KB

MaxMetaspaceSize: 17179869184.00 GB
CompressedClassSpaceSize: 1.00 GB

CodeHeap 'non-profiled nmethods': size=120000Kb used=188Kb max_used=188Kb free=119811Kb
 bounds [0x00000260347a0000, 0x0000026034a10000, 0x000002603bcd0000]
CodeHeap 'profiled nmethods': size=120000Kb used=971Kb max_used=971Kb free=119028Kb
 bounds [0x000002602d270000, 0x000002602d4e0000, 0x00000260347a0000]
CodeHeap 'non-nmethods': size=5760Kb used=1123Kb max_used=1138Kb free=4636Kb
 bounds [0x000002602ccd0000, 0x000002602cf40000, 0x000002602d270000]
 total_blobs=1417 nmethods=609 adapters=273
 compilation: enabled
              stopped_count=0, restarted_count=0
 full_count=0

Compilation events (20 events):
Event: 0.695 Thread 0x000002603fce2800 nmethod 590 0x00000260347ca290 code [0x00000260347ca420, 0x00000260347ca6d8]
Event: 0.695 Thread 0x000002603fce2800  573       4       java.lang.StringCoding::decodeUTF8 (45 bytes)
Event: 0.701 Thread 0x000002603fce2800 nmethod 573 0x00000260347ca910 code [0x00000260347caae0, 0x00000260347cb078]
Event: 0.701 Thread 0x000002603fce2800  575       4       java.lang.String::checkBoundsOffCount (64 bytes)
Event: 0.701 Thread 0x000002603fce2800 nmethod 575 0x00000260347cb410 code [0x00000260347cb5a0, 0x00000260347cb638]
Event: 0.701 Thread 0x000002603fce2800  591   !   4       java.lang.StringCoding::decode (300 bytes)
Event: 0.708 Thread 0x000002603fce2800 nmethod 591 0x00000260347cb710 code [0x00000260347cb8e0, 0x00000260347cbe38]
Event: 0.708 Thread 0x000002603fce2800  576       4       java.lang.String::<init> (55 bytes)
Event: 0.717 Thread 0x000002603fce2800 nmethod 576 0x00000260347cc210 code [0x00000260347cc3e0, 0x00000260347cca58]
Event: 0.717 Thread 0x000002603fce2800  572       4       java.lang.ThreadLocal$ThreadLocalMap::getEntry (42 bytes)
Event: 0.718 Thread 0x000002603fce2800 nmethod 572 0x00000260347ccf90 code [0x00000260347cd120, 0x00000260347cd248]
Event: 0.720 Thread 0x000002603e875000  592       3       java.io.ByteArrayInputStream::<init> (26 bytes)
Event: 0.721 Thread 0x000002603e875000 nmethod 592 0x000002602d35be10 code [0x000002602d35bfc0, 0x000002602d35c238]
Event: 0.721 Thread 0x000002603e875000  593       3       sun.security.util.ObjectIdentifier::equals (33 bytes)
Event: 0.721 Thread 0x000002603e875000 nmethod 593 0x000002602d35c390 code [0x000002602d35c560, 0x000002602d35c9d0]
Event: 0.722 Thread 0x000002603fce2800  594       4       java.util.jar.Manifest$FastInputStream::readLine (9 bytes)
Event: 0.735 Thread 0x000002603fce2800 nmethod 594 0x00000260347cd390 code [0x00000260347cd540, 0x00000260347cdc18]
Event: 0.735 Thread 0x000002603fce2800  595       4       java.util.jar.Manifest$FastInputStream::peek (38 bytes)
Event: 0.736 Thread 0x000002603fce2800 nmethod 595 0x00000260347ce010 code [0x00000260347ce1a0, 0x00000260347ce2a8]
Event: 0.739 Thread 0x000002603e875000  596       3       sun.security.util.DerInputStream::getBytes (29 bytes)

GC Heap History (0 events):
No events

Deoptimization events (20 events):
Event: 0.688 Thread 0x00000260247de800 DEOPT PACKING pc=0x000002602d31d59a sp=0x000000fc1c6fd970
Event: 0.688 Thread 0x00000260247de800 DEOPT UNPACKING pc=0x000002602cd1964e sp=0x000000fc1c6fcde0 mode 0
Event: 0.688 Thread 0x00000260247de800 DEOPT PACKING pc=0x000002602d31d59a sp=0x000000fc1c6fd970
Event: 0.688 Thread 0x00000260247de800 DEOPT UNPACKING pc=0x000002602cd1964e sp=0x000000fc1c6fcde0 mode 0
Event: 0.689 Thread 0x00000260247de800 DEOPT PACKING pc=0x000002602d31d59a sp=0x000000fc1c6fd970
Event: 0.689 Thread 0x00000260247de800 DEOPT UNPACKING pc=0x000002602cd1964e sp=0x000000fc1c6fcde0 mode 0
Event: 0.689 Thread 0x00000260247de800 DEOPT PACKING pc=0x000002602d31d59a sp=0x000000fc1c6fd970
Event: 0.689 Thread 0x00000260247de800 DEOPT UNPACKING pc=0x000002602cd1964e sp=0x000000fc1c6fcde0 mode 0
Event: 0.689 Thread 0x00000260247de800 DEOPT PACKING pc=0x000002602d31d59a sp=0x000000fc1c6fd970
Event: 0.689 Thread 0x00000260247de800 DEOPT UNPACKING pc=0x000002602cd1964e sp=0x000000fc1c6fcde0 mode 0
Event: 0.689 Thread 0x00000260247de800 DEOPT PACKING pc=0x000002602d31d59a sp=0x000000fc1c6fd970
Event: 0.689 Thread 0x00000260247de800 DEOPT UNPACKING pc=0x000002602cd1964e sp=0x000000fc1c6fcde0 mode 0
Event: 0.689 Thread 0x00000260247de800 DEOPT PACKING pc=0x000002602d31d59a sp=0x000000fc1c6fd970
Event: 0.690 Thread 0x00000260247de800 DEOPT UNPACKING pc=0x000002602cd1964e sp=0x000000fc1c6fcde0 mode 0
Event: 0.690 Thread 0x00000260247de800 DEOPT PACKING pc=0x000002602d31d59a sp=0x000000fc1c6fd970
Event: 0.690 Thread 0x00000260247de800 DEOPT UNPACKING pc=0x000002602cd1964e sp=0x000000fc1c6fcde0 mode 0
Event: 0.690 Thread 0x00000260247de800 DEOPT PACKING pc=0x000002602d31d59a sp=0x000000fc1c6fd970
Event: 0.690 Thread 0x00000260247de800 DEOPT UNPACKING pc=0x000002602cd1964e sp=0x000000fc1c6fcde0 mode 0
Event: 0.690 Thread 0x00000260247de800 DEOPT PACKING pc=0x000002602d31d59a sp=0x000000fc1c6fd970
Event: 0.690 Thread 0x00000260247de800 DEOPT UNPACKING pc=0x000002602cd1964e sp=0x000000fc1c6fcde0 mode 0

Classes unloaded (0 events):
No events

Classes redefined (0 events):
No events

Internal exceptions (6 events):
Event: 0.341 Thread 0x00000260247de800 Exception <a 'java/lang/ClassNotFoundException'{0x00000000eaea0c48}: sun/net/www/protocol/c/Handler> (0x00000000eaea0c48) 
thrown [t:/workspace/open/src/hotspot/share/classfile/systemDictionary.cpp, line 232]
Event: 0.357 Thread 0x00000260247de800 Exception <a 'java/io/FileNotFoundException'{0x00000000eaeb6d00}> (0x00000000eaeb6d00) 
thrown [t:/workspace/open/src/hotspot/share/prims/jni.cpp, line 598]
Event: 0.358 Thread 0x00000260247de800 Exception <a 'java/io/FileNotFoundException'{0x00000000eaeb79d0}> (0x00000000eaeb79d0) 
thrown [t:/workspace/open/src/hotspot/share/prims/jni.cpp, line 598]
Event: 0.359 Thread 0x00000260247de800 Exception <a 'java/io/FileNotFoundException'{0x00000000eaeb8650}> (0x00000000eaeb8650) 
thrown [t:/workspace/open/src/hotspot/share/prims/jni.cpp, line 598]
Event: 0.359 Thread 0x00000260247de800 Exception <a 'java/io/FileNotFoundException'{0x00000000eaeb92e8}> (0x00000000eaeb92e8) 
thrown [t:/workspace/open/src/hotspot/share/prims/jni.cpp, line 598]
Event: 0.367 Thread 0x00000260247de800 Exception <a 'java/io/FileNotFoundException'{0x00000000eaed5488}> (0x00000000eaed5488) 
thrown [t:/workspace/open/src/hotspot/share/prims/jni.cpp, line 598]

Events (20 events):
Event: 0.643 loading class org/eclipse/osgi/internal/hooks/DevClassLoadingHook done
Event: 0.644 loading class org/eclipse/osgi/framework/util/KeyedElement
Event: 0.644 loading class org/eclipse/osgi/framework/util/KeyedElement done
Event: 0.645 loading class org/eclipse/osgi/internal/hooks/EclipseLazyStarter
Event: 0.645 loading class org/eclipse/osgi/internal/hooks/EclipseLazyStarter done
Event: 0.646 loading class org/eclipse/osgi/internal/weaving/WeavingHookConfigurator
Event: 0.646 loading class org/eclipse/osgi/internal/weaving/WeavingHookConfigurator done
Event: 0.647 loading class org/eclipse/osgi/internal/framework/AliasMapper
Event: 0.647 loading class org/eclipse/osgi/internal/framework/AliasMapper done
Event: 0.649 loading class java/io/Reader
Event: 0.649 loading class java/io/Reader done
Event: 0.649 loading class java/io/InputStreamReader
Event: 0.649 loading class java/io/InputStreamReader done
Event: 0.659 loading class java/net/URLClassLoader$2
Event: 0.659 loading class java/net/URLClassLoader$2 done
Event: 0.665 loading class sun/net/www/protocol/jar/URLJarFile$URLJarFileEntry
Event: 0.665 loading class sun/net/www/protocol/jar/URLJarFile$URLJarFileEntry done
Event: 0.665 loading class sun/net/www/protocol/jar/JarURLConnection$JarURLInputStream
Event: 0.665 loading class sun/net/www/protocol/jar/JarURLConnection$JarURLInputStream done
Event: 0.671 Thread 0x000002603fce2800 Thread added: 0x000002603fce2800


Dynamic libraries:
0x00007ff743fb0000 - 0x00007ff743fbf000 	C:\Program Files\Java\jdk-13.0.2\bin\java.exe
0x00007ffd3fc60000 - 0x00007ffd3fe50000 	C:\Windows\SYSTEM32\ntdll.dll
0x00007ffd3e700000 - 0x00007ffd3e7b2000 	C:\Windows\System32\KERNEL32.DLL
0x00007ffd3cbf0000 - 0x00007ffd3ce94000 	C:\Windows\System32\KERNELBASE.dll
0x00007ffd3ac70000 - 0x00007ffd3acff000 	C:\Windows\SYSTEM32\apphelp.dll
0x00007ffd3d0e0000 - 0x00007ffd3d1da000 	C:\Windows\System32\ucrtbase.dll
0x00007ffd33330000 - 0x00007ffd33348000 	C:\Program Files\Java\jdk-13.0.2\bin\jli.dll
0x00007ffd33050000 - 0x00007ffd33065000 	C:\Program Files\Java\jdk-13.0.2\bin\VCRUNTIME140.dll
0x00007ffd3eb20000 - 0x00007ffd3ebc3000 	C:\Windows\System32\ADVAPI32.dll
0x00007ffd3ea80000 - 0x00007ffd3eb1e000 	C:\Windows\System32\msvcrt.dll
0x00007ffd3e1f0000 - 0x00007ffd3e287000 	C:\Windows\System32\sechost.dll
0x00007ffd3ec00000 - 0x00007ffd3ed20000 	C:\Windows\System32\RPCRT4.dll
0x00007ffd3e8e0000 - 0x00007ffd3ea74000 	C:\Windows\System32\USER32.dll
0x00007ffd3d320000 - 0x00007ffd3d341000 	C:\Windows\System32\win32u.dll
0x00007ffd3e8b0000 - 0x00007ffd3e8d6000 	C:\Windows\System32\GDI32.dll
0x00007ffd3db70000 - 0x00007ffd3dd04000 	C:\Windows\System32\gdi32full.dll
0x00007ffd3cef0000 - 0x00007ffd3cf8e000 	C:\Windows\System32\msvcp_win.dll
0x00007ffd2a090000 - 0x00007ffd2a314000 	C:\Windows\WinSxS\amd64_microsoft.windows.common-controls_6595b64144ccf1df_6.0.18362.836_none_e6c4b943130f18ed\COMCTL32.dll
0x00007ffd3e290000 - 0x00007ffd3e5c6000 	C:\Windows\System32\combase.dll
0x00007ffd3d350000 - 0x00007ffd3d3d0000 	C:\Windows\System32\bcryptPrimitives.dll
0x00007ffd34530000 - 0x00007ffd3453a000 	C:\Windows\SYSTEM32\VERSION.dll
0x00007ffd3df70000 - 0x00007ffd3df9e000 	C:\Windows\System32\IMM32.DLL
0x00007ffd2ce60000 - 0x00007ffd2cefb000 	C:\Program Files\Java\jdk-13.0.2\bin\msvcp140.dll
0x00007ffd06bd0000 - 0x00007ffd0772d000 	C:\Program Files\Java\jdk-13.0.2\bin\server\jvm.dll
0x00007ffd3ebd0000 - 0x00007ffd3ebd8000 	C:\Windows\System32\PSAPI.DLL
0x00007ffd38440000 - 0x00007ffd38449000 	C:\Windows\SYSTEM32\WSOCK32.dll
0x00007ffd3e840000 - 0x00007ffd3e8af000 	C:\Windows\System32\WS2_32.dll
0x00007ffd34800000 - 0x00007ffd34824000 	C:\Windows\SYSTEM32\WINMM.dll
0x00007ffd345b0000 - 0x00007ffd345dd000 	C:\Windows\SYSTEM32\WINMMBASE.dll
0x00007ffd3cea0000 - 0x00007ffd3ceea000 	C:\Windows\System32\cfgmgr32.dll
0x00007ffd3cbd0000 - 0x00007ffd3cbe1000 	C:\Windows\System32\kernel.appcore.dll
0x00007ffd39280000 - 0x00007ffd39290000 	C:\Program Files\Java\jdk-13.0.2\bin\verify.dll
0x00007ffd2bbe0000 - 0x00007ffd2bdd4000 	C:\Windows\SYSTEM32\DBGHELP.DLL
0x00007ffd2b080000 - 0x00007ffd2b0aa000 	C:\Windows\SYSTEM32\dbgcore.DLL
0x00007ffd323d0000 - 0x00007ffd323f6000 	C:\Program Files\Java\jdk-13.0.2\bin\java.dll
0x00007ffd322a0000 - 0x00007ffd322b7000 	C:\Program Files\Java\jdk-13.0.2\bin\zip.dll
0x00007ffd38870000 - 0x00007ffd3887a000 	C:\Program Files\Java\jdk-13.0.2\bin\jimage.dll
0x00007ffd3f520000 - 0x00007ffd3fc04000 	C:\Windows\System32\SHELL32.dll
0x00007ffd3dd10000 - 0x00007ffd3ddb9000 	C:\Windows\System32\shcore.dll
0x00007ffd3d3f0000 - 0x00007ffd3db6e000 	C:\Windows\System32\windows.storage.dll
0x00007ffd3cb50000 - 0x00007ffd3cb73000 	C:\Windows\System32\profapi.dll
0x00007ffd3cb80000 - 0x00007ffd3cbca000 	C:\Windows\System32\powrprof.dll
0x00007ffd3cb20000 - 0x00007ffd3cb30000 	C:\Windows\System32\UMPDC.dll
0x00007ffd3e190000 - 0x00007ffd3e1e2000 	C:\Windows\System32\shlwapi.dll
0x00007ffd3d3d0000 - 0x00007ffd3d3e7000 	C:\Windows\System32\cryptsp.dll
0x00007ffd32280000 - 0x00007ffd32299000 	C:\Program Files\Java\jdk-13.0.2\bin\net.dll
0x00007ffd35920000 - 0x00007ffd35a10000 	C:\Windows\SYSTEM32\WINHTTP.dll
0x00007ffd3c340000 - 0x00007ffd3c3a7000 	C:\Windows\system32\mswsock.dll
0x00007ffd30450000 - 0x00007ffd30463000 	C:\Program Files\Java\jdk-13.0.2\bin\nio.dll

dbghelp: loaded successfully - version: 4.0.5 - missing functions: none
symbol engine: initialized successfully - sym options: 0x614 - pdb path: .;C:\Program Files\Java\jdk-13.0.2\bin;C:\Windows\SYSTEM32;C:\Windows\WinSxS\amd64_microsoft.windows.common-controls_6595b64144ccf1df_6.0.18362.836_none_e6c4b943130f18ed;C:\Program Files\Java\jdk-13.0.2\bin\server

VM Arguments:
jvm_args: --add-modules=ALL-SYSTEM --add-opens=java.base/java.util=ALL-UNNAMED --add-opens=java.base/java.lang=ALL-UNNAMED -Declipse.application=org.eclipse.jdt.ls.core.id1 -Dosgi.bundles.defaultStartLevel=4 -Declipse.product=org.eclipse.jdt.ls.core.product -Dfile.encoding=utf8 -DwatchParentProcess=false -XX:+UseParallelGC -XX:GCTimeRatio=4 -XX:AdaptiveSizePolicyWeight=90 -Dsun.zip.disableMemoryMapping=true -Xmx1G -Xms100m 
java_command: c:\Users\Kient\.vscode\extensions\redhat.java-0.62.0\server\plugins\org.eclipse.equinox.launcher_1.5.700.v20200207-2156.jar -configuration c:\Users\Kient\AppData\Roaming\Code\User\globalStorage\redhat.java\0.62.0\config_win -data c:\Users\Kient\AppData\Roaming\Code\User\workspaceStorage\9f193f8a1fe0cf9af1d81241c94e2114\redhat.java\jdt_ws
java_class_path (initial): c:\Users\Kient\.vscode\extensions\redhat.java-0.62.0\server\plugins\org.eclipse.equinox.launcher_1.5.700.v20200207-2156.jar
Launcher Type: SUN_STANDARD

[Global flags]
    uintx AdaptiveSizePolicyWeight                 = 90                                        {product} {command line}
     intx CICompilerCount                          = 3                                         {product} {ergonomic}
    uintx GCTimeRatio                              = 4                                         {product} {command line}
   size_t InitialHeapSize                          = 104857600                                 {product} {command line}
   size_t MaxHeapSize                              = 1073741824                                {product} {command line}
   size_t MaxNewSize                               = 357564416                                 {product} {ergonomic}
   size_t MinHeapDeltaBytes                        = 524288                                    {product} {ergonomic}
   size_t MinHeapSize                              = 104857600                                 {product} {command line}
   size_t NewSize                                  = 34603008                                  {product} {ergonomic}
    uintx NonNMethodCodeHeapSize                   = 5832780                                {pd product} {ergonomic}
    uintx NonProfiledCodeHeapSize                  = 122912730                              {pd product} {ergonomic}
   size_t OldSize                                  = 70254592                                  {product} {ergonomic}
    uintx ProfiledCodeHeapSize                     = 122912730                              {pd product} {ergonomic}
    uintx ReservedCodeCacheSize                    = 251658240                              {pd product} {ergonomic}
     bool SegmentedCodeCache                       = true                                      {product} {ergonomic}
   size_t SoftMaxHeapSize                          = 1073741824                             {manageable} {ergonomic}
     bool UseCompressedClassPointers               = true                                 {lp64_product} {ergonomic}
     bool UseCompressedOops                        = true                                 {lp64_product} {ergonomic}
     bool UseLargePagesIndividualAllocation        = false                                  {pd product} {ergonomic}
     bool UseParallelGC                            = true                                      {product} {command line}

Logging:
Log output configuration:
 #0: stdout all=warning uptime,level,tags
 #1: stderr all=off uptime,level,tags

Environment Variables:
PATH=C:\Windows\system32;C:\Windows;C:\Windows\System32\Wbem;C:\Windows\System32\WindowsPowerShell\v1.0\;C:\Windows\System32\OpenSSH\;C:\Program Files\nodejs\;C:\MinGW\bin\;C:\Program Files\Java\jdk-13.0.2\bin\;D:\Program Files\Git\cmd;C:\Users\Kient\AppData\Roaming\Python\Python37\Scripts;C:\Program Files\nodejs\node_modules\npm\bin;D:\Setup file\mongodb-shell-win32-x86_64-2012plus-4.2.5\mongodb-win32-x86_64-2012plus-4.2.5\bin;D:\Program Files\XAMPP\php;D:\Program Files\Composer;C:\Program Files (x86)\Python\Scripts\;C:\Program Files (x86)\Python\;C:\Program Files\MySQL\MySQL Shell 8.0\bin\;C:\Users\Kient\AppData\Local\Microsoft\WindowsApps;C:\Users\Kient\AppData\Roaming\npm;C:\Program Files\CMake\bin;C:\Users\Kient\AppData\Roaming\Python\Python37\Scripts;C:\Program Files\nodejs\node_modules\npm\bin;C:\Users\Kient\AppData\Roaming\Composer\vendor\bin;D:\Program Files\Microsoft VS Code\bin
USERNAME=Kient
OS=Windows_NT
PROCESSOR_IDENTIFIER=Intel64 Family 6 Model 61 Stepping 4, GenuineIntel



---------------  S Y S T E M  ---------------

OS: Windows 10 , 64 bit Build 18362 (10.0.18362.778)
HyperV virtualization detected

CPU:total 4 (initial active 4) (2 cores per cpu, 2 threads per core) family 6 model 61 stepping 4, cmov, cx8, fxsr, mmx, sse, sse2, sse3, ssse3, sse4.1, sse4.2, popcnt, avx, avx2, aes, clmul, erms, rtm, 3dnowpref, lzcnt, ht, tsc, tscinvbit, bmi1, bmi2, adx, fma

Memory: 4k page, system-wide physical 8066M (1087M free)
TotalPageFile size 16949M (AvailPageFile size 5M)
current process WorkingSet (physical memory assigned to process): 52M, peak: 52M
current process commit charge ("private bytes"): 189M, peak: 190M

vm_info: Java HotSpot(TM) 64-Bit Server VM (13.0.2+8) for windows-amd64 JRE (13.0.2+8), built on Dec 11 2019 09:20:33 by "mach5one" with unknown MS VC++:1916

END.
