#
# There is insufficient memory for the Java Runtime Environment to continue.
# Native memory allocation (malloc) failed to allocate 32744 bytes for ChunkPool::allocate
# Possible reasons:
#   The system is out of physical RAM or swap space
#   The process is running with CompressedOops enabled, and the Java Heap may be blocking the growth of the native heap
# Possible solutions:
#   Reduce memory load on the system
#   Increase physical memory or swap space
#   Check if swap backing store is full
#   Decrease Java heap size (-Xmx/-Xms)
#   Decrease number of Java threads
#   Decrease Java thread stack sizes (-Xss)
#   Set larger code cache with -XX:ReservedCodeCacheSize=
#   JVM is running with Unscaled Compressed Oops mode in which the Java heap is
#     placed in the first 4GB address space. The Java Heap base address is the
#     maximum limit for the native heap growth. Please use -XX:HeapBaseMinAddress
#     to set the Java Heap base and to place the Java Heap above 4GB virtual address.
# This output file may be truncated or incomplete.
#
#  Out of Memory Error (t:/workspace/open/src/hotspot/share/memory/arena.cpp:80), pid=11168, tid=28268
#
# JRE version: Java(TM) SE Runtime Environment (13.0.2+8) (build 13.0.2+8)
# Java VM: Java HotSpot(TM) 64-Bit Server VM (13.0.2+8, mixed mode, sharing, tiered, compressed oops, parallel gc, windows-amd64)
# No core dump will be written. Minidumps are not enabled by default on client versions of Windows
#

---------------  S U M M A R Y ------------

Command Line: --add-modules=ALL-SYSTEM --add-opens=java.base/java.util=ALL-UNNAMED --add-opens=java.base/java.lang=ALL-UNNAMED -Declipse.application=org.eclipse.jdt.ls.core.id1 -Dosgi.bundles.defaultStartLevel=4 -Declipse.product=org.eclipse.jdt.ls.core.product -Dfile.encoding=utf8 -DwatchParentProcess=false -XX:+UseParallelGC -XX:GCTimeRatio=4 -XX:AdaptiveSizePolicyWeight=90 -Dsun.zip.disableMemoryMapping=true -Xmx1G -Xms100m c:\Users\Kient\.vscode\extensions\redhat.java-0.62.0\server\plugins\org.eclipse.equinox.launcher_1.5.700.v20200207-2156.jar -configuration c:\Users\Kient\AppData\Roaming\Code\User\globalStorage\redhat.java\0.62.0\config_win -data c:\Users\Kient\AppData\Roaming\Code\User\workspaceStorage\9f193f8a1fe0cf9af1d81241c94e2114\redhat.java\jdt_ws

Host: Intel(R) Core(TM) i7-5600U CPU @ 2.60GHz, 4 cores, 7G,  Windows 10 , 64 bit Build 18362 (10.0.18362.778)
Time: Fri May 22 08:34:16 2020 SE Asia Standard Time elapsed time: 1 seconds (0d 0h 0m 1s)

---------------  T H R E A D  ---------------

Current thread (0x0000021a4d5de800):  JavaThread "C2 CompilerThread0" daemon [_thread_in_native, id=28268, stack(0x000000c27c700000,0x000000c27c800000)]


Current CompileTask:
C2:   1070  581   !   4       java.util.jar.Attributes::read (530 bytes)

Stack: [0x000000c27c700000,0x000000c27c800000]
Native frames: (J=compiled Java code, j=interpreted, Vv=VM code, C=native code)
V  [jvm.dll+0x624f9a]
V  [jvm.dll+0x770cfa]
V  [jvm.dll+0x7724af]
V  [jvm.dll+0x772ab3]
V  [jvm.dll+0x24bf08]
V  [jvm.dll+0xc2076]
V  [jvm.dll+0xc23cc]
V  [jvm.dll+0xc1f2d]
V  [jvm.dll+0x60763f]
V  [jvm.dll+0x656aed]
V  [jvm.dll+0x19f3bc]
V  [jvm.dll+0x205d36]
V  [jvm.dll+0x204e3f]
V  [jvm.dll+0x189c2c]
V  [jvm.dll+0x213e6d]
V  [jvm.dll+0x2120bb]
V  [jvm.dll+0x736bb6]
V  [jvm.dll+0x72fcaa]
V  [jvm.dll+0x623ea6]
C  [ucrtbase.dll+0x20e82]
C  [KERNEL32.DLL+0x17bd4]
C  [ntdll.dll+0x6ce51]


---------------  P R O C E S S  ---------------

Threads class SMR info:
_java_thread_list=0x0000021a4e905b50, length=11, elements={
0x0000021a3354e800, 0x0000021a3360a000, 0x0000021a3360b800, 0x0000021a4d5db800,
0x0000021a4d5dd800, 0x0000021a4d5de800, 0x0000021a4d5e0000, 0x0000021a4e660800,
0x0000021a4e6ff000, 0x0000021a4e7a3000, 0x0000021a4e970000
}

Java Threads: ( => current thread )
  0x0000021a3354e800 JavaThread "main" [_thread_in_native, id=24764, stack(0x000000c27c000000,0x000000c27c100000)]
  0x0000021a3360a000 JavaThread "Reference Handler" daemon [_thread_blocked, id=28528, stack(0x000000c27c300000,0x000000c27c400000)]
  0x0000021a3360b800 JavaThread "Finalizer" daemon [_thread_blocked, id=4180, stack(0x000000c27c400000,0x000000c27c500000)]
  0x0000021a4d5db800 JavaThread "Signal Dispatcher" daemon [_thread_blocked, id=15740, stack(0x000000c27c500000,0x000000c27c600000)]
  0x0000021a4d5dd800 JavaThread "Attach Listener" daemon [_thread_blocked, id=9852, stack(0x000000c27c600000,0x000000c27c700000)]
=>0x0000021a4d5de800 JavaThread "C2 CompilerThread0" daemon [_thread_in_native, id=28268, stack(0x000000c27c700000,0x000000c27c800000)]
  0x0000021a4d5e0000 JavaThread "C1 CompilerThread0" daemon [_thread_blocked, id=27052, stack(0x000000c27c800000,0x000000c27c900000)]
  0x0000021a4e660800 JavaThread "Sweeper thread" daemon [_thread_blocked, id=29336, stack(0x000000c27c900000,0x000000c27ca00000)]
  0x0000021a4e6ff000 JavaThread "Common-Cleaner" daemon [_thread_blocked, id=1032, stack(0x000000c27ca00000,0x000000c27cb00000)]
  0x0000021a4e7a3000 JavaThread "Service Thread" daemon [_thread_blocked, id=29220, stack(0x000000c27cb00000,0x000000c27cc00000)]
  0x0000021a4e970000 JavaThread "C2 CompilerThread1" daemon [_thread_blocked, id=28904, stack(0x000000c27cd00000,0x000000c27ce00000)]

Other Threads:
  0x0000021a4d5c1000 VMThread "VM Thread" [stack: 0x000000c27c200000,0x000000c27c300000] [id=27752]
  0x0000021a4e7a3800 WatcherThread [stack: 0x000000c27cc00000,0x000000c27cd00000] [id=28160]
  0x0000021a33565800 GCTaskThread "ParGC Thread#0" [stack: 0x000000c27c100000,0x000000c27c200000] [id=8092]

Threads with active compile tasks:
C2 CompilerThread0     1101  581   !   4       java.util.jar.Attributes::read (530 bytes)

VM state:not at safepoint (normal execution)

VM Mutex/Monitor currently owned by a thread: None

Heap address: 0x00000000c0000000, size: 1024 MB, Compressed Oops mode: 32-bit
Narrow klass base: 0x0000000800000000, Narrow klass shift: 3
Compressed class space size: 1073741824 Address: 0x0000000800b40000

Heap:
 PSYoungGen      total 29696K, used 11545K [0x00000000eab00000, 0x00000000ecc00000, 0x0000000100000000)
  eden space 25600K, 45% used [0x00000000eab00000,0x00000000eb646640,0x00000000ec400000)
  from space 4096K, 0% used [0x00000000ec800000,0x00000000ec800000,0x00000000ecc00000)
  to   space 4096K, 0% used [0x00000000ec400000,0x00000000ec400000,0x00000000ec800000)
 ParOldGen       total 68608K, used 0K [0x00000000c0000000, 0x00000000c4300000, 0x00000000eab00000)
  object space 68608K, 0% used [0x00000000c0000000,0x00000000c0000000,0x00000000c4300000)
 Metaspace       used 3570K, capacity 5017K, committed 5120K, reserved 1056768K
  class space    used 344K, capacity 465K, committed 512K, reserved 1048576K

Card table byte_map: [0x0000021a33060000,0x0000021a33270000] _byte_map_base: 0x0000021a32a60000

Marking Bits: (ParMarkBitMap*) 0x00007ffd07664110
 Begin Bits: [0x0000021a4aa40000, 0x0000021a4ba40000)
 End Bits:   [0x0000021a4ba40000, 0x0000021a4ca40000)

Polling page: 0x0000021a32d10000

Metaspace:

Usage:
  Non-class:      4.45 MB capacity,     3.15 MB ( 71%) used,     1.29 MB ( 29%) free+waste,     4.38 KB ( <1%) overhead. 
      Class:    465.00 KB capacity,   344.41 KB ( 74%) used,   117.84 KB ( 25%) free+waste,     2.75 KB ( <1%) overhead. 
       Both:      4.90 MB capacity,     3.49 MB ( 71%) used,     1.41 MB ( 29%) free+waste,     7.13 KB ( <1%) overhead. 

Virtual space:
  Non-class space:        8.00 MB reserved,       4.50 MB ( 56%) committed 
      Class space:        1.00 GB reserved,     512.00 KB ( <1%) committed 
             Both:        1.01 GB reserved,       5.00 MB ( <1%) committed 

Chunk freelists:
   Non-Class:  56.00 KB
       Class:  15.00 KB
        Both:  71.00 KB

MaxMetaspaceSize: 17179869184.00 GB
CompressedClassSpaceSize: 1.00 GB

CodeHeap 'non-profiled nmethods': size=120000Kb used=199Kb max_used=199Kb free=119800Kb
 bounds [0x0000021a43510000, 0x0000021a43780000, 0x0000021a4aa40000]
CodeHeap 'profiled nmethods': size=120000Kb used=1013Kb max_used=1013Kb free=118986Kb
 bounds [0x0000021a3bfe0000, 0x0000021a3c250000, 0x0000021a43510000]
CodeHeap 'non-nmethods': size=5760Kb used=1137Kb max_used=1137Kb free=4622Kb
 bounds [0x0000021a3ba40000, 0x0000021a3bcb0000, 0x0000021a3bfe0000]
 total_blobs=1476 nmethods=646 adapters=295
 compilation: enabled
              stopped_count=0, restarted_count=0
 full_count=0

Compilation events (20 events):
Event: 0.956 Thread 0x0000021a4d5e0000  637       3       java.lang.invoke.MethodType$ConcurrentWeakInternSet::get (47 bytes)
Event: 0.956 Thread 0x0000021a4e970000  601       4       java.io.ByteArrayInputStream::mark (9 bytes)
Event: 0.957 Thread 0x0000021a4e970000 nmethod 601 0x0000021a43540610 code [0x0000021a435407a0, 0x0000021a43540818]
Event: 0.957 Thread 0x0000021a4d5e0000 nmethod 637 0x0000021a3c0d9210 code [0x0000021a3c0d9440, 0x0000021a3c0d9f00]
Event: 0.957 Thread 0x0000021a4d5e0000  639       3       java.lang.ref.Reference::<init> (7 bytes)
Event: 0.957 Thread 0x0000021a4d5e0000 nmethod 639 0x0000021a3c0da290 code [0x0000021a3c0da440, 0x0000021a3c0da6d8]
Event: 0.961 Thread 0x0000021a4d5e0000  641       3       java.lang.invoke.MemberName::initResolved (53 bytes)
Event: 0.961 Thread 0x0000021a4d5e0000 nmethod 641 0x0000021a3c0da810 code [0x0000021a3c0da9c0, 0x0000021a3c0dabb8]
Event: 0.983 Thread 0x0000021a4d5e0000  642       1       java.util.concurrent.ConcurrentHashMap$MapEntry::getKey (5 bytes)
Event: 0.983 Thread 0x0000021a4d5e0000 nmethod 642 0x0000021a43540f10 code [0x0000021a435410a0, 0x0000021a435411d8]
Event: 0.983 Thread 0x0000021a4d5e0000  643       1       java.util.concurrent.ConcurrentHashMap$MapEntry::getValue (5 bytes)
Event: 0.983 Thread 0x0000021a4d5e0000 nmethod 643 0x0000021a43541290 code [0x0000021a43541420, 0x0000021a43541558]
Event: 0.984 Thread 0x0000021a4d5e0000  644       3       sun.security.provider.DigestBase::engineUpdate (189 bytes)
Event: 0.985 Thread 0x0000021a4d5e0000 nmethod 644 0x0000021a3c0dac90 code [0x0000021a3c0daf00, 0x0000021a3c0dbcd0]
Event: 0.985 Thread 0x0000021a4d5e0000  645       3       sun.security.provider.SHA::implCompress0 (482 bytes)
Event: 0.985 Thread 0x0000021a4d5e0000 nmethod 645 0x0000021a3c0dc090 code [0x0000021a3c0dc2a0, 0x0000021a3c0dcbd8]
Event: 0.985 Thread 0x0000021a4d5e0000  646       3       java.security.MessageDigest$Delegate::engineUpdate (11 bytes)
Event: 0.985 Thread 0x0000021a4d5e0000 nmethod 646 0x0000021a3c0dd090 code [0x0000021a3c0dd240, 0x0000021a3c0dd490]
Event: 1.001 Thread 0x0000021a4d5e0000  647       1       java.lang.invoke.MethodHandles$Lookup::lookupClass (5 bytes)
Event: 1.001 Thread 0x0000021a4d5e0000 nmethod 647 0x0000021a43541610 code [0x0000021a435417a0, 0x0000021a435418d8]

GC Heap History (0 events):
No events

Deoptimization events (20 events):
Event: 0.903 Thread 0x0000021a3354e800 DEOPT PACKING pc=0x0000021a3c0cbe02 sp=0x000000c27c0fd850
Event: 0.903 Thread 0x0000021a3354e800 DEOPT UNPACKING pc=0x0000021a3ba8964e sp=0x000000c27c0fcce0 mode 0
Event: 0.903 Thread 0x0000021a3354e800 DEOPT PACKING pc=0x0000021a3c0cbe02 sp=0x000000c27c0fd850
Event: 0.903 Thread 0x0000021a3354e800 DEOPT UNPACKING pc=0x0000021a3ba8964e sp=0x000000c27c0fcce0 mode 0
Event: 0.955 Thread 0x0000021a3354e800 Uncommon trap: trap_request=0xffffffde fr.pc=0x0000021a4351ef10 relative=0x0000000000000690
Event: 0.955 Thread 0x0000021a3354e800 Uncommon trap: reason=class_check action=maybe_recompile pc=0x0000021a4351ef10 method=java.util.HashMap.putVal(ILjava/lang/Object;Ljava/lang/Object;ZZ)Ljava/lang/Object; @ 253 c2
Event: 0.955 Thread 0x0000021a3354e800 DEOPT PACKING pc=0x0000021a4351ef10 sp=0x000000c27c0fd660
Event: 0.955 Thread 0x0000021a3354e800 DEOPT UNPACKING pc=0x0000021a3ba8912f sp=0x000000c27c0fd5d0 mode 2
Event: 0.955 Thread 0x0000021a3354e800 Uncommon trap: trap_request=0xffffffde fr.pc=0x0000021a4351ef10 relative=0x0000000000000690
Event: 0.955 Thread 0x0000021a3354e800 Uncommon trap: reason=class_check action=maybe_recompile pc=0x0000021a4351ef10 method=java.util.HashMap.putVal(ILjava/lang/Object;Ljava/lang/Object;ZZ)Ljava/lang/Object; @ 253 c2
Event: 0.955 Thread 0x0000021a3354e800 DEOPT PACKING pc=0x0000021a4351ef10 sp=0x000000c27c0fd660
Event: 0.955 Thread 0x0000021a3354e800 DEOPT UNPACKING pc=0x0000021a3ba8912f sp=0x000000c27c0fd5d0 mode 2
Event: 0.955 Thread 0x0000021a3354e800 Uncommon trap: trap_request=0xffffffde fr.pc=0x0000021a4351ef10 relative=0x0000000000000690
Event: 0.955 Thread 0x0000021a3354e800 Uncommon trap: reason=class_check action=maybe_recompile pc=0x0000021a4351ef10 method=java.util.HashMap.putVal(ILjava/lang/Object;Ljava/lang/Object;ZZ)Ljava/lang/Object; @ 253 c2
Event: 0.955 Thread 0x0000021a3354e800 DEOPT PACKING pc=0x0000021a4351ef10 sp=0x000000c27c0fd660
Event: 0.955 Thread 0x0000021a3354e800 DEOPT UNPACKING pc=0x0000021a3ba8912f sp=0x000000c27c0fd5d0 mode 2
Event: 0.955 Thread 0x0000021a3354e800 Uncommon trap: trap_request=0xffffffde fr.pc=0x0000021a4351ef10 relative=0x0000000000000690
Event: 0.955 Thread 0x0000021a3354e800 Uncommon trap: reason=class_check action=maybe_recompile pc=0x0000021a4351ef10 method=java.util.HashMap.putVal(ILjava/lang/Object;Ljava/lang/Object;ZZ)Ljava/lang/Object; @ 253 c2
Event: 0.955 Thread 0x0000021a3354e800 DEOPT PACKING pc=0x0000021a4351ef10 sp=0x000000c27c0fd660
Event: 0.955 Thread 0x0000021a3354e800 DEOPT UNPACKING pc=0x0000021a3ba8912f sp=0x000000c27c0fd5d0 mode 2

Classes unloaded (0 events):
No events

Classes redefined (0 events):
No events

Internal exceptions (7 events):
Event: 0.591 Thread 0x0000021a3354e800 Exception <a 'java/lang/ClassNotFoundException'{0x00000000eaea0be8}: sun/net/www/protocol/c/Handler> (0x00000000eaea0be8) 
thrown [t:/workspace/open/src/hotspot/share/classfile/systemDictionary.cpp, line 232]
Event: 0.604 Thread 0x0000021a3354e800 Exception <a 'java/io/FileNotFoundException'{0x00000000eaeb6ca0}> (0x00000000eaeb6ca0) 
thrown [t:/workspace/open/src/hotspot/share/prims/jni.cpp, line 598]
Event: 0.605 Thread 0x0000021a3354e800 Exception <a 'java/io/FileNotFoundException'{0x00000000eaeb7970}> (0x00000000eaeb7970) 
thrown [t:/workspace/open/src/hotspot/share/prims/jni.cpp, line 598]
Event: 0.607 Thread 0x0000021a3354e800 Exception <a 'java/io/FileNotFoundException'{0x00000000eaeb85f0}> (0x00000000eaeb85f0) 
thrown [t:/workspace/open/src/hotspot/share/prims/jni.cpp, line 598]
Event: 0.607 Thread 0x0000021a3354e800 Exception <a 'java/io/FileNotFoundException'{0x00000000eaeb9288}> (0x00000000eaeb9288) 
thrown [t:/workspace/open/src/hotspot/share/prims/jni.cpp, line 598]
Event: 0.619 Thread 0x0000021a3354e800 Exception <a 'java/io/FileNotFoundException'{0x00000000eaed5428}> (0x00000000eaed5428) 
thrown [t:/workspace/open/src/hotspot/share/prims/jni.cpp, line 598]
Event: 0.961 Thread 0x0000021a3354e800 Exception <a 'java/lang/NoSuchMethodError'{0x00000000eb5fdca0}: 'java.lang.Object java.lang.invoke.DirectMethodHandle$Holder.invokeStaticInit(java.lang.Object, int, int, int, int)'> (0x00000000eb5fdca0) 
thrown [t:/workspace/open/src/hotspot/share/interpreter/linkResolver.cpp, line 767]

Events (20 events):
Event: 0.959 loading class sun/security/provider/HashDrbg
Event: 0.959 loading class sun/security/provider/AbstractHashDrbg
Event: 0.959 loading class sun/security/provider/AbstractDrbg
Event: 0.959 loading class sun/security/provider/AbstractDrbg done
Event: 0.959 loading class sun/security/provider/AbstractHashDrbg done
Event: 0.959 loading class sun/security/provider/HashDrbg done
Event: 0.960 loading class sun/security/provider/EntropySource
Event: 0.960 loading class sun/security/provider/EntropySource done
Event: 0.962 loading class java/security/DrbgParameters$NextBytes
Event: 0.962 loading class java/security/DrbgParameters$NextBytes done
Event: 0.962 loading class sun/security/provider/AbstractDrbg$SeederHolder
Event: 0.962 loading class sun/security/provider/AbstractDrbg$SeederHolder done
Event: 0.962 loading class sun/security/provider/SeedGenerator
Event: 0.962 loading class sun/security/provider/SeedGenerator done
Event: 0.962 loading class sun/security/provider/NativeSeedGenerator
Event: 0.962 loading class sun/security/provider/NativeSeedGenerator done
Event: 0.981 loading class sun/security/provider/SeedGenerator$1
Event: 0.982 loading class sun/security/provider/SeedGenerator$1 done
Event: 1.000 Executing VM operation: Deoptimize
Event: 1.001 Executing VM operation: Deoptimize done


Dynamic libraries:
0x00007ff743fb0000 - 0x00007ff743fbf000 	C:\Program Files\Java\jdk-13.0.2\bin\java.exe
0x00007ffd3fc60000 - 0x00007ffd3fe50000 	C:\Windows\SYSTEM32\ntdll.dll
0x00007ffd3e700000 - 0x00007ffd3e7b2000 	C:\Windows\System32\KERNEL32.DLL
0x00007ffd3cbf0000 - 0x00007ffd3ce94000 	C:\Windows\System32\KERNELBASE.dll
0x00007ffd3ac70000 - 0x00007ffd3acff000 	C:\Windows\SYSTEM32\apphelp.dll
0x00007ffd3d0e0000 - 0x00007ffd3d1da000 	C:\Windows\System32\ucrtbase.dll
0x00007ffd33330000 - 0x00007ffd33348000 	C:\Program Files\Java\jdk-13.0.2\bin\jli.dll
0x00007ffd3eb20000 - 0x00007ffd3ebc3000 	C:\Windows\System32\ADVAPI32.dll
0x00007ffd3ea80000 - 0x00007ffd3eb1e000 	C:\Windows\System32\msvcrt.dll
0x00007ffd3e1f0000 - 0x00007ffd3e287000 	C:\Windows\System32\sechost.dll
0x00007ffd3ec00000 - 0x00007ffd3ed20000 	C:\Windows\System32\RPCRT4.dll
0x00007ffd3e8e0000 - 0x00007ffd3ea74000 	C:\Windows\System32\USER32.dll
0x00007ffd3d320000 - 0x00007ffd3d341000 	C:\Windows\System32\win32u.dll
0x00007ffd3e8b0000 - 0x00007ffd3e8d6000 	C:\Windows\System32\GDI32.dll
0x00007ffd3db70000 - 0x00007ffd3dd04000 	C:\Windows\System32\gdi32full.dll
0x00007ffd3cef0000 - 0x00007ffd3cf8e000 	C:\Windows\System32\msvcp_win.dll
0x00007ffd33050000 - 0x00007ffd33065000 	C:\Program Files\Java\jdk-13.0.2\bin\VCRUNTIME140.dll
0x00007ffd2a090000 - 0x00007ffd2a314000 	C:\Windows\WinSxS\amd64_microsoft.windows.common-controls_6595b64144ccf1df_6.0.18362.836_none_e6c4b943130f18ed\COMCTL32.dll
0x00007ffd3e290000 - 0x00007ffd3e5c6000 	C:\Windows\System32\combase.dll
0x00007ffd3d350000 - 0x00007ffd3d3d0000 	C:\Windows\System32\bcryptPrimitives.dll
0x00007ffd34530000 - 0x00007ffd3453a000 	C:\Windows\SYSTEM32\VERSION.dll
0x00007ffd3df70000 - 0x00007ffd3df9e000 	C:\Windows\System32\IMM32.DLL
0x00007ffd2ce60000 - 0x00007ffd2cefb000 	C:\Program Files\Java\jdk-13.0.2\bin\msvcp140.dll
0x00007ffd06bd0000 - 0x00007ffd0772d000 	C:\Program Files\Java\jdk-13.0.2\bin\server\jvm.dll
0x00007ffd3ebd0000 - 0x00007ffd3ebd8000 	C:\Windows\System32\PSAPI.DLL
0x00007ffd38440000 - 0x00007ffd38449000 	C:\Windows\SYSTEM32\WSOCK32.dll
0x00007ffd3e840000 - 0x00007ffd3e8af000 	C:\Windows\System32\WS2_32.dll
0x00007ffd34800000 - 0x00007ffd34824000 	C:\Windows\SYSTEM32\WINMM.dll
0x00007ffd345b0000 - 0x00007ffd345dd000 	C:\Windows\SYSTEM32\WINMMBASE.dll
0x00007ffd3cea0000 - 0x00007ffd3ceea000 	C:\Windows\System32\cfgmgr32.dll
0x00007ffd3cbd0000 - 0x00007ffd3cbe1000 	C:\Windows\System32\kernel.appcore.dll
0x00007ffd39280000 - 0x00007ffd39290000 	C:\Program Files\Java\jdk-13.0.2\bin\verify.dll
0x00007ffd2bbe0000 - 0x00007ffd2bdd4000 	C:\Windows\SYSTEM32\DBGHELP.DLL
0x00007ffd2b080000 - 0x00007ffd2b0aa000 	C:\Windows\SYSTEM32\dbgcore.DLL
0x00007ffd323d0000 - 0x00007ffd323f6000 	C:\Program Files\Java\jdk-13.0.2\bin\java.dll
0x00007ffd322a0000 - 0x00007ffd322b7000 	C:\Program Files\Java\jdk-13.0.2\bin\zip.dll
0x00007ffd38870000 - 0x00007ffd3887a000 	C:\Program Files\Java\jdk-13.0.2\bin\jimage.dll
0x00007ffd3f520000 - 0x00007ffd3fc04000 	C:\Windows\System32\SHELL32.dll
0x00007ffd3dd10000 - 0x00007ffd3ddb9000 	C:\Windows\System32\shcore.dll
0x00007ffd3d3f0000 - 0x00007ffd3db6e000 	C:\Windows\System32\windows.storage.dll
0x00007ffd3cb50000 - 0x00007ffd3cb73000 	C:\Windows\System32\profapi.dll
0x00007ffd3cb80000 - 0x00007ffd3cbca000 	C:\Windows\System32\powrprof.dll
0x00007ffd3cb20000 - 0x00007ffd3cb30000 	C:\Windows\System32\UMPDC.dll
0x00007ffd3e190000 - 0x00007ffd3e1e2000 	C:\Windows\System32\shlwapi.dll
0x00007ffd3d3d0000 - 0x00007ffd3d3e7000 	C:\Windows\System32\cryptsp.dll
0x00007ffd32280000 - 0x00007ffd32299000 	C:\Program Files\Java\jdk-13.0.2\bin\net.dll
0x00007ffd35920000 - 0x00007ffd35a10000 	C:\Windows\SYSTEM32\WINHTTP.dll
0x00007ffd3c340000 - 0x00007ffd3c3a7000 	C:\Windows\system32\mswsock.dll
0x00007ffd30450000 - 0x00007ffd30463000 	C:\Program Files\Java\jdk-13.0.2\bin\nio.dll
0x00007ffd3bec0000 - 0x00007ffd3bef3000 	C:\Windows\system32\rsaenh.dll
0x00007ffd3d1e0000 - 0x00007ffd3d206000 	C:\Windows\System32\bcrypt.dll
0x00007ffd3ca40000 - 0x00007ffd3ca65000 	C:\Windows\SYSTEM32\USERENV.dll
0x00007ffd3c4c0000 - 0x00007ffd3c4cc000 	C:\Windows\SYSTEM32\CRYPTBASE.dll
0x00007ffd3c060000 - 0x00007ffd3c09a000 	C:\Windows\SYSTEM32\IPHLPAPI.DLL
0x00007ffd3fc10000 - 0x00007ffd3fc18000 	C:\Windows\System32\NSI.dll
0x00007ffd367e0000 - 0x00007ffd367f6000 	C:\Windows\SYSTEM32\dhcpcsvc6.DLL
0x00007ffd367c0000 - 0x00007ffd367dc000 	C:\Windows\SYSTEM32\dhcpcsvc.DLL
0x00007ffd3c0a0000 - 0x00007ffd3c16b000 	C:\Windows\SYSTEM32\DNSAPI.dll

dbghelp: loaded successfully - version: 4.0.5 - missing functions: none
symbol engine: initialized successfully - sym options: 0x614 - pdb path: .;C:\Program Files\Java\jdk-13.0.2\bin;C:\Windows\SYSTEM32;C:\Windows\WinSxS\amd64_microsoft.windows.common-controls_6595b64144ccf1df_6.0.18362.836_none_e6c4b943130f18ed;C:\Program Files\Java\jdk-13.0.2\bin\server

VM Arguments:
jvm_args: --add-modules=ALL-SYSTEM --add-opens=java.base/java.util=ALL-UNNAMED --add-opens=java.base/java.lang=ALL-UNNAMED -Declipse.application=org.eclipse.jdt.ls.core.id1 -Dosgi.bundles.defaultStartLevel=4 -Declipse.product=org.eclipse.jdt.ls.core.product -Dfile.encoding=utf8 -DwatchParentProcess=false -XX:+UseParallelGC -XX:GCTimeRatio=4 -XX:AdaptiveSizePolicyWeight=90 -Dsun.zip.disableMemoryMapping=true -Xmx1G -Xms100m 
java_command: c:\Users\Kient\.vscode\extensions\redhat.java-0.62.0\server\plugins\org.eclipse.equinox.launcher_1.5.700.v20200207-2156.jar -configuration c:\Users\Kient\AppData\Roaming\Code\User\globalStorage\redhat.java\0.62.0\config_win -data c:\Users\Kient\AppData\Roaming\Code\User\workspaceStorage\9f193f8a1fe0cf9af1d81241c94e2114\redhat.java\jdt_ws
java_class_path (initial): c:\Users\Kient\.vscode\extensions\redhat.java-0.62.0\server\plugins\org.eclipse.equinox.launcher_1.5.700.v20200207-2156.jar
Launcher Type: SUN_STANDARD

[Global flags]
    uintx AdaptiveSizePolicyWeight                 = 90                                        {product} {command line}
     intx CICompilerCount                          = 3                                         {product} {ergonomic}
    uintx GCTimeRatio                              = 4                                         {product} {command line}
   size_t InitialHeapSize                          = 104857600                                 {product} {command line}
   size_t MaxHeapSize                              = 1073741824                                {product} {command line}
   size_t MaxNewSize                               = 357564416                                 {product} {ergonomic}
   size_t MinHeapDeltaBytes                        = 524288                                    {product} {ergonomic}
   size_t MinHeapSize                              = 104857600                                 {product} {command line}
   size_t NewSize                                  = 34603008                                  {product} {ergonomic}
    uintx NonNMethodCodeHeapSize                   = 5832780                                {pd product} {ergonomic}
    uintx NonProfiledCodeHeapSize                  = 122912730                              {pd product} {ergonomic}
   size_t OldSize                                  = 70254592                                  {product} {ergonomic}
    uintx ProfiledCodeHeapSize                     = 122912730                              {pd product} {ergonomic}
    uintx ReservedCodeCacheSize                    = 251658240                              {pd product} {ergonomic}
     bool SegmentedCodeCache                       = true                                      {product} {ergonomic}
   size_t SoftMaxHeapSize                          = 1073741824                             {manageable} {ergonomic}
     bool UseCompressedClassPointers               = true                                 {lp64_product} {ergonomic}
     bool UseCompressedOops                        = true                                 {lp64_product} {ergonomic}
     bool UseLargePagesIndividualAllocation        = false                                  {pd product} {ergonomic}
     bool UseParallelGC                            = true                                      {product} {command line}

Logging:
Log output configuration:
 #0: stdout all=warning uptime,level,tags
 #1: stderr all=off uptime,level,tags

Environment Variables:
PATH=C:\Windows\system32;C:\Windows;C:\Windows\System32\Wbem;C:\Windows\System32\WindowsPowerShell\v1.0\;C:\Windows\System32\OpenSSH\;C:\Program Files\nodejs\;C:\MinGW\bin\;C:\Program Files\Java\jdk-13.0.2\bin\;D:\Program Files\Git\cmd;C:\Users\Kient\AppData\Roaming\Python\Python37\Scripts;C:\Program Files\nodejs\node_modules\npm\bin;D:\Setup file\mongodb-shell-win32-x86_64-2012plus-4.2.5\mongodb-win32-x86_64-2012plus-4.2.5\bin;D:\Program Files\XAMPP\php;D:\Program Files\Composer;C:\Program Files (x86)\Python\Scripts\;C:\Program Files (x86)\Python\;C:\Program Files\MySQL\MySQL Shell 8.0\bin\;C:\Users\Kient\AppData\Local\Microsoft\WindowsApps;C:\Users\Kient\AppData\Roaming\npm;C:\Program Files\CMake\bin;C:\Users\Kient\AppData\Roaming\Python\Python37\Scripts;C:\Program Files\nodejs\node_modules\npm\bin;C:\Users\Kient\AppData\Roaming\Composer\vendor\bin;D:\Program Files\Microsoft VS Code\bin
USERNAME=Kient
OS=Windows_NT
PROCESSOR_IDENTIFIER=Intel64 Family 6 Model 61 Stepping 4, GenuineIntel



---------------  S Y S T E M  ---------------

OS: Windows 10 , 64 bit Build 18362 (10.0.18362.778)
HyperV virtualization detected

CPU:total 4 (initial active 4) (2 cores per cpu, 2 threads per core) family 6 model 61 stepping 4, cmov, cx8, fxsr, mmx, sse, sse2, sse3, ssse3, sse4.1, sse4.2, popcnt, avx, avx2, aes, clmul, erms, rtm, 3dnowpref, lzcnt, ht, tsc, tscinvbit, bmi1, bmi2, adx, fma

Memory: 4k page, system-wide physical 8066M (1094M free)
TotalPageFile size 16949M (AvailPageFile size 8M)
current process WorkingSet (physical memory assigned to process): 57M, peak: 57M
current process commit charge ("private bytes"): 193M, peak: 193M

vm_info: Java HotSpot(TM) 64-Bit Server VM (13.0.2+8) for windows-amd64 JRE (13.0.2+8), built on Dec 11 2019 09:20:33 by "mach5one" with unknown MS VC++:1916

END.
